Determining if the pthread_create exist failed with the following output:
Change Dir: /data/github_repos/MobileNet-YOLO-py3/build/CMakeFiles/CMakeTmp

Run Build Command:"/usr/bin/make" "cmTC_9eaf1/fast"
/usr/bin/make -f CMakeFiles/cmTC_9eaf1.dir/build.make CMakeFiles/cmTC_9eaf1.dir/build
make[1]: Entering directory '/data/github_repos/MobileNet-YOLO-py3/build/CMakeFiles/CMakeTmp'
Building C object CMakeFiles/cmTC_9eaf1.dir/CheckSymbolExists.c.o
/usr/bin/gcc-5     -o CMakeFiles/cmTC_9eaf1.dir/CheckSymbolExists.c.o   -c /data/github_repos/MobileNet-YOLO-py3/build/CMakeFiles/CMakeTmp/CheckSymbolExists.c
Linking C executable cmTC_9eaf1
/usr/bin/cmake -E cmake_link_script CMakeFiles/cmTC_9eaf1.dir/link.txt --verbose=1
/usr/bin/gcc-5       CMakeFiles/cmTC_9eaf1.dir/CheckSymbolExists.c.o  -o cmTC_9eaf1 -rdynamic 
CMakeFiles/cmTC_9eaf1.dir/CheckSymbolExists.c.o：在函数‘main’中：
CheckSymbolExists.c:(.text+0x16)：对‘pthread_create’未定义的引用
collect2: error: ld returned 1 exit status
CMakeFiles/cmTC_9eaf1.dir/build.make:97: recipe for target 'cmTC_9eaf1' failed
make[1]: *** [cmTC_9eaf1] Error 1
make[1]: Leaving directory '/data/github_repos/MobileNet-YOLO-py3/build/CMakeFiles/CMakeTmp'
Makefile:126: recipe for target 'cmTC_9eaf1/fast' failed
make: *** [cmTC_9eaf1/fast] Error 2

File /data/github_repos/MobileNet-YOLO-py3/build/CMakeFiles/CMakeTmp/CheckSymbolExists.c:
/* */
#include <pthread.h>

int main(int argc, char** argv)
{
  (void)argv;
#ifndef pthread_create
  return ((int*)(&pthread_create))[argc];
#else
  (void)argc;
  return 0;
#endif
}

Determining if the function pthread_create exists in the pthreads failed with the following output:
Change Dir: /data/github_repos/MobileNet-YOLO-py3/build/CMakeFiles/CMakeTmp

Run Build Command:"/usr/bin/make" "cmTC_e0109/fast"
/usr/bin/make -f CMakeFiles/cmTC_e0109.dir/build.make CMakeFiles/cmTC_e0109.dir/build
make[1]: Entering directory '/data/github_repos/MobileNet-YOLO-py3/build/CMakeFiles/CMakeTmp'
Building C object CMakeFiles/cmTC_e0109.dir/CheckFunctionExists.c.o
/usr/bin/gcc-5    -DCHECK_FUNCTION_EXISTS=pthread_create   -o CMakeFiles/cmTC_e0109.dir/CheckFunctionExists.c.o   -c /usr/share/cmake-3.5/Modules/CheckFunctionExists.c
Linking C executable cmTC_e0109
/usr/bin/cmake -E cmake_link_script CMakeFiles/cmTC_e0109.dir/link.txt --verbose=1
/usr/bin/gcc-5   -DCHECK_FUNCTION_EXISTS=pthread_create    CMakeFiles/cmTC_e0109.dir/CheckFunctionExists.c.o  -o cmTC_e0109 -rdynamic -lpthreads 
/usr/bin/ld: 找不到 -lpthreads
collect2: error: ld returned 1 exit status
CMakeFiles/cmTC_e0109.dir/build.make:97: recipe for target 'cmTC_e0109' failed
make[1]: *** [cmTC_e0109] Error 1
make[1]: Leaving directory '/data/github_repos/MobileNet-YOLO-py3/build/CMakeFiles/CMakeTmp'
Makefile:126: recipe for target 'cmTC_e0109/fast' failed
make: *** [cmTC_e0109/fast] Error 2


